<html>
<head>
<title>TestNG:  UI_API_ParallelTest</title>
<link href="../testng.css" rel="stylesheet" type="text/css" />
<link href="../my-testng.css" rel="stylesheet" type="text/css" />

<style type="text/css">
.log { display: none;} 
.stack-trace { display: none;} 
</style>
<script type="text/javascript">
<!--
function flip(e) {
  current = e.style.display;
  if (current == 'block') {
    e.style.display = 'none';
    return 0;
  }
  else {
    e.style.display = 'block';
    return 1;
  }
}

function toggleBox(szDivId, elem, msg1, msg2)
{
  var res = -1;  if (document.getElementById) {
    res = flip(document.getElementById(szDivId));
  }
  else if (document.all) {
    // this is the way old msie versions work
    res = flip(document.all[szDivId]);
  }
  if(elem) {
    if(res == 0) elem.innerHTML = msg1; else elem.innerHTML = msg2;
  }

}

function toggleAllBoxes() {
  if (document.getElementsByTagName) {
    d = document.getElementsByTagName('div');
    for (i = 0; i < d.length; i++) {
      if (d[i].className == 'log') {
        flip(d[i]);
      }
    }
  }
}

// -->
</script>

</head>
<body>
<h2 align='center'>UI_API_ParallelTest</h2><table border='1' align="center">
<tr>
<td>Tests passed/Failed/Skipped:</td><td>0/0/5</td>
</tr><tr>
<td>Started on:</td><td>Sat Nov 23 00:02:41 IST 2024</td>
</tr>
<tr><td>Total time:</td><td>0 seconds (288 ms)</td>
</tr><tr>
<td>Included groups:</td><td></td>
</tr><tr>
<td>Excluded groups:</td><td></td>
</tr>
</table><p/>
<small><i>(Hover the method name to see the test class name)</i></small><p/>
<table width='100%' border='1' class='invocation-failed'>
<tr><td colspan='4' align='center'><b>FAILED CONFIGURATIONS</b></td></tr>
<tr><td><b>Test method</b></td>
<td><b>Attribute(s)</b></td>
<td width="30%"><b>Exception</b></td>
<td width="10%"><b>Time (seconds)</b></td>
<td><b>Instance</b></td>
</tr>
<tr>
<td title='UI_Test_Class.TC_Amazon_Verify_Account_List_HyperLinks.testSetUp()'><b>testSetUp</b><br>Test class: UI_Test_Class.TC_Amazon_Verify_Account_List_HyperLinks</td>
<td><div><pre>java.lang.NullPointerException: Cannot invoke &quot;java.util.Map.get(Object)&quot; because &quot;this.yamlData&quot; is null
	at UI_Test_Class.TC_Amazon_Verify_Account_List_HyperLinks.testSetUp(TC_Amazon_Verify_Account_List_HyperLinks.java:38)
	at java.base/java.util.concurrent.ThreadPoolExecutor.runWorker(ThreadPoolExecutor.java:1144)
	at java.base/java.util.concurrent.ThreadPoolExecutor$Worker.run(ThreadPoolExecutor.java:642)
	at java.base/java.lang.Thread.run(Thread.java:1583)
... Removed 8 stack frames</pre></div><a href='#' onClick='toggleBox("stack-trace1649336702", this, "Click to show all stack frames", "Click to hide stack frames")'>Click to show all stack frames</a>
<div class='stack-trace' id='stack-trace1649336702'><pre>java.lang.NullPointerException: Cannot invoke &quot;java.util.Map.get(Object)&quot; because &quot;this.yamlData&quot; is null
	at UI_Test_Class.TC_Amazon_Verify_Account_List_HyperLinks.testSetUp(TC_Amazon_Verify_Account_List_HyperLinks.java:38)
	at java.base/jdk.internal.reflect.DirectMethodHandleAccessor.invoke(DirectMethodHandleAccessor.java:103)
	at java.base/java.lang.reflect.Method.invoke(Method.java:580)
	at org.testng.internal.invokers.MethodInvocationHelper.invokeMethod(MethodInvocationHelper.java:139)
	at org.testng.internal.invokers.MethodInvocationHelper.invokeMethodConsideringTimeout(MethodInvocationHelper.java:69)
	at org.testng.internal.invokers.ConfigInvoker.invokeConfigurationMethod(ConfigInvoker.java:361)
	at org.testng.internal.invokers.ConfigInvoker.invokeConfigurations(ConfigInvoker.java:296)
	at org.testng.internal.invokers.TestMethodWorker.invokeBeforeClassMethods(TestMethodWorker.java:180)
	at org.testng.internal.invokers.TestMethodWorker.run(TestMethodWorker.java:122)
	at java.base/java.util.concurrent.ThreadPoolExecutor.runWorker(ThreadPoolExecutor.java:1144)
	at java.base/java.util.concurrent.ThreadPoolExecutor$Worker.run(ThreadPoolExecutor.java:642)
	at java.base/java.lang.Thread.run(Thread.java:1583)
</pre></div></td>
<td>0</td>
<td>UI_Test_Class.TC_Amazon_Verify_Account_List_HyperLinks@23e84203</td></tr>
<tr>
<td title='API_Test_Class.TestNG_Annotation_POJO_RestAsssured_Example.testSetUp()'><b>testSetUp</b><br>Test class: API_Test_Class.TestNG_Annotation_POJO_RestAsssured_Example</td>
<td><div><pre>java.lang.AssertionError: YAML data should not be null expected object to not be null
	at API_Test_Class.TestNG_Annotation_POJO_RestAsssured_Example.testSetUp(TestNG_Annotation_POJO_RestAsssured_Example.java:42)
	at java.base/java.util.concurrent.ThreadPoolExecutor.runWorker(ThreadPoolExecutor.java:1144)
	at java.base/java.util.concurrent.ThreadPoolExecutor$Worker.run(ThreadPoolExecutor.java:642)
	at java.base/java.lang.Thread.run(Thread.java:1583)
... Removed 10 stack frames</pre></div><a href='#' onClick='toggleBox("stack-trace613116282", this, "Click to show all stack frames", "Click to hide stack frames")'>Click to show all stack frames</a>
<div class='stack-trace' id='stack-trace613116282'><pre>java.lang.AssertionError: YAML data should not be null expected object to not be null
	at org.testng.Assert.fail(Assert.java:110)
	at org.testng.Assert.assertNotNull(Assert.java:1483)
	at API_Test_Class.TestNG_Annotation_POJO_RestAsssured_Example.testSetUp(TestNG_Annotation_POJO_RestAsssured_Example.java:42)
	at java.base/jdk.internal.reflect.DirectMethodHandleAccessor.invoke(DirectMethodHandleAccessor.java:103)
	at java.base/java.lang.reflect.Method.invoke(Method.java:580)
	at org.testng.internal.invokers.MethodInvocationHelper.invokeMethod(MethodInvocationHelper.java:139)
	at org.testng.internal.invokers.MethodInvocationHelper.invokeMethodConsideringTimeout(MethodInvocationHelper.java:69)
	at org.testng.internal.invokers.ConfigInvoker.invokeConfigurationMethod(ConfigInvoker.java:361)
	at org.testng.internal.invokers.ConfigInvoker.invokeConfigurations(ConfigInvoker.java:296)
	at org.testng.internal.invokers.TestMethodWorker.invokeBeforeClassMethods(TestMethodWorker.java:180)
	at org.testng.internal.invokers.TestMethodWorker.run(TestMethodWorker.java:122)
	at java.base/java.util.concurrent.ThreadPoolExecutor.runWorker(ThreadPoolExecutor.java:1144)
	at java.base/java.util.concurrent.ThreadPoolExecutor$Worker.run(ThreadPoolExecutor.java:642)
	at java.base/java.lang.Thread.run(Thread.java:1583)
</pre></div></td>
<td>0</td>
<td>API_Test_Class.TestNG_Annotation_POJO_RestAsssured_Example@792b749c</td></tr>
<tr>
<td title='API_Test_Class.TestNG_Annotation_NestedJSON_POJO_GET_API_RestAssured_Example.testSetUp()'><b>testSetUp</b><br>Test class: API_Test_Class.TestNG_Annotation_NestedJSON_POJO_GET_API_RestAssured_Example</td>
<td><div><pre>java.lang.AssertionError: YAML data should not be null expected object to not be null
	at API_Test_Class.TestNG_Annotation_NestedJSON_POJO_GET_API_RestAssured_Example.testSetUp(TestNG_Annotation_NestedJSON_POJO_GET_API_RestAssured_Example.java:41)
	at java.base/java.util.concurrent.ThreadPoolExecutor.runWorker(ThreadPoolExecutor.java:1144)
	at java.base/java.util.concurrent.ThreadPoolExecutor$Worker.run(ThreadPoolExecutor.java:642)
	at java.base/java.lang.Thread.run(Thread.java:1583)
... Removed 10 stack frames</pre></div><a href='#' onClick='toggleBox("stack-trace195021089", this, "Click to show all stack frames", "Click to hide stack frames")'>Click to show all stack frames</a>
<div class='stack-trace' id='stack-trace195021089'><pre>java.lang.AssertionError: YAML data should not be null expected object to not be null
	at org.testng.Assert.fail(Assert.java:110)
	at org.testng.Assert.assertNotNull(Assert.java:1483)
	at API_Test_Class.TestNG_Annotation_NestedJSON_POJO_GET_API_RestAssured_Example.testSetUp(TestNG_Annotation_NestedJSON_POJO_GET_API_RestAssured_Example.java:41)
	at java.base/jdk.internal.reflect.DirectMethodHandleAccessor.invoke(DirectMethodHandleAccessor.java:103)
	at java.base/java.lang.reflect.Method.invoke(Method.java:580)
	at org.testng.internal.invokers.MethodInvocationHelper.invokeMethod(MethodInvocationHelper.java:139)
	at org.testng.internal.invokers.MethodInvocationHelper.invokeMethodConsideringTimeout(MethodInvocationHelper.java:69)
	at org.testng.internal.invokers.ConfigInvoker.invokeConfigurationMethod(ConfigInvoker.java:361)
	at org.testng.internal.invokers.ConfigInvoker.invokeConfigurations(ConfigInvoker.java:296)
	at org.testng.internal.invokers.TestMethodWorker.invokeBeforeClassMethods(TestMethodWorker.java:180)
	at org.testng.internal.invokers.TestMethodWorker.run(TestMethodWorker.java:122)
	at java.base/java.util.concurrent.ThreadPoolExecutor.runWorker(ThreadPoolExecutor.java:1144)
	at java.base/java.util.concurrent.ThreadPoolExecutor$Worker.run(ThreadPoolExecutor.java:642)
	at java.base/java.lang.Thread.run(Thread.java:1583)
</pre></div></td>
<td>0</td>
<td>API_Test_Class.TestNG_Annotation_NestedJSON_POJO_GET_API_RestAssured_Example@76494737</td></tr>
</table><p>
<table width='100%' border='1' class='invocation-skipped'>
<tr><td colspan='4' align='center'><b>SKIPPED CONFIGURATIONS</b></td></tr>
<tr><td><b>Test method</b></td>
<td><b>Attribute(s)</b></td>
<td width="30%"><b>Exception</b></td>
<td width="10%"><b>Time (seconds)</b></td>
<td><b>Instance</b></td>
</tr>
<tr>
<td title='UI_Test_Class.TC_Amazon_Verify_Account_List_HyperLinks.cleanup()'><b>cleanup</b><br>Test class: UI_Test_Class.TC_Amazon_Verify_Account_List_HyperLinks</td>
<td></td>
<td>0</td>
<td>UI_Test_Class.TC_Amazon_Verify_Account_List_HyperLinks@23e84203</td></tr>
<tr>
<td title='API_Test_Class.TestNG_Annotation_POJO_RestAsssured_Example.evidenceCreator()'><b>evidenceCreator</b><br>Test class: API_Test_Class.TestNG_Annotation_POJO_RestAsssured_Example</td>
<td></td>
<td>0</td>
<td>API_Test_Class.TestNG_Annotation_POJO_RestAsssured_Example@792b749c</td></tr>
<tr>
<td title='API_Test_Class.TestNG_Annotation_NestedJSON_POJO_GET_API_RestAssured_Example.evidenceCreator()'><b>evidenceCreator</b><br>Test class: API_Test_Class.TestNG_Annotation_NestedJSON_POJO_GET_API_RestAssured_Example</td>
<td></td>
<td>0</td>
<td>API_Test_Class.TestNG_Annotation_NestedJSON_POJO_GET_API_RestAssured_Example@76494737</td></tr>
</table><p>
<table width='100%' border='1' class='invocation-skipped'>
<tr><td colspan='4' align='center'><b>SKIPPED TESTS</b></td></tr>
<tr><td><b>Test method</b></td>
<td><b>Attribute(s)</b></td>
<td width="30%"><b>Exception</b></td>
<td width="10%"><b>Time (seconds)</b></td>
<td><b>Instance</b></td>
</tr>
<tr>
<td title='API_Test_Class.TestNG_Annotation_NestedJSON_POJO_GET_API_RestAssured_Example.validate_status_code()'><b>validate_status_code</b><br>Test class: API_Test_Class.TestNG_Annotation_NestedJSON_POJO_GET_API_RestAssured_Example<br>Test method: Validate Response Status code For Post_Test_Script_TC1</td>
<td><div><pre>java.lang.AssertionError: YAML data should not be null expected object to not be null
	at API_Test_Class.TestNG_Annotation_NestedJSON_POJO_GET_API_RestAssured_Example.testSetUp(TestNG_Annotation_NestedJSON_POJO_GET_API_RestAssured_Example.java:41)
	at java.base/java.util.concurrent.ThreadPoolExecutor.runWorker(ThreadPoolExecutor.java:1144)
	at java.base/java.util.concurrent.ThreadPoolExecutor$Worker.run(ThreadPoolExecutor.java:642)
	at java.base/java.lang.Thread.run(Thread.java:1583)
... Removed 10 stack frames</pre></div><a href='#' onClick='toggleBox("stack-trace2045747707", this, "Click to show all stack frames", "Click to hide stack frames")'>Click to show all stack frames</a>
<div class='stack-trace' id='stack-trace2045747707'><pre>java.lang.AssertionError: YAML data should not be null expected object to not be null
	at org.testng.Assert.fail(Assert.java:110)
	at org.testng.Assert.assertNotNull(Assert.java:1483)
	at API_Test_Class.TestNG_Annotation_NestedJSON_POJO_GET_API_RestAssured_Example.testSetUp(TestNG_Annotation_NestedJSON_POJO_GET_API_RestAssured_Example.java:41)
	at java.base/jdk.internal.reflect.DirectMethodHandleAccessor.invoke(DirectMethodHandleAccessor.java:103)
	at java.base/java.lang.reflect.Method.invoke(Method.java:580)
	at org.testng.internal.invokers.MethodInvocationHelper.invokeMethod(MethodInvocationHelper.java:139)
	at org.testng.internal.invokers.MethodInvocationHelper.invokeMethodConsideringTimeout(MethodInvocationHelper.java:69)
	at org.testng.internal.invokers.ConfigInvoker.invokeConfigurationMethod(ConfigInvoker.java:361)
	at org.testng.internal.invokers.ConfigInvoker.invokeConfigurations(ConfigInvoker.java:296)
	at org.testng.internal.invokers.TestMethodWorker.invokeBeforeClassMethods(TestMethodWorker.java:180)
	at org.testng.internal.invokers.TestMethodWorker.run(TestMethodWorker.java:122)
	at java.base/java.util.concurrent.ThreadPoolExecutor.runWorker(ThreadPoolExecutor.java:1144)
	at java.base/java.util.concurrent.ThreadPoolExecutor$Worker.run(ThreadPoolExecutor.java:642)
	at java.base/java.lang.Thread.run(Thread.java:1583)
</pre></div></td>
<td>0</td>
<td>API_Test_Class.TestNG_Annotation_NestedJSON_POJO_GET_API_RestAssured_Example@76494737</td></tr>
<tr>
<td title='UI_Test_Class.TC_Amazon_Verify_Account_List_HyperLinks.validateListHyperlinks()'><b>validateListHyperlinks</b><br>Test class: UI_Test_Class.TC_Amazon_Verify_Account_List_HyperLinks<br>Test method: Validate the Broken Links for Amazon Your Lists</td>
<td><div><pre>java.lang.Throwable: Method UI_Test_Class.TC_Amazon_Verify_Account_List_HyperLinks.validateListHyperlinks() on instance UI_Test_Class.TC_Amazon_Verify_Account_List_HyperLinks@23e84203 depends on not successfully finished methods 
[UI_Test_Class.TC_Amazon_Verify_Account_List_HyperLinks.launchAmazon() on instance UI_Test_Class.TC_Amazon_Verify_Account_List_HyperLinks@23e84203]
	at java.base/java.util.concurrent.ThreadPoolExecutor.runWorker(ThreadPoolExecutor.java:1144)
	at java.base/java.util.concurrent.ThreadPoolExecutor$Worker.run(ThreadPoolExecutor.java:642)
	at java.base/java.lang.Thread.run(Thread.java:1583)
... Removed 3 stack frames</pre></div><a href='#' onClick='toggleBox("stack-trace706815925", this, "Click to show all stack frames", "Click to hide stack frames")'>Click to show all stack frames</a>
<div class='stack-trace' id='stack-trace706815925'><pre>java.lang.Throwable: Method UI_Test_Class.TC_Amazon_Verify_Account_List_HyperLinks.validateListHyperlinks() on instance UI_Test_Class.TC_Amazon_Verify_Account_List_HyperLinks@23e84203 depends on not successfully finished methods 
[UI_Test_Class.TC_Amazon_Verify_Account_List_HyperLinks.launchAmazon() on instance UI_Test_Class.TC_Amazon_Verify_Account_List_HyperLinks@23e84203]
	at org.testng.internal.invokers.TestInvoker.invokeTestMethods(TestInvoker.java:150)
	at org.testng.internal.invokers.TestMethodWorker.invokeTestMethods(TestMethodWorker.java:148)
	at org.testng.internal.invokers.TestMethodWorker.run(TestMethodWorker.java:128)
	at java.base/java.util.concurrent.ThreadPoolExecutor.runWorker(ThreadPoolExecutor.java:1144)
	at java.base/java.util.concurrent.ThreadPoolExecutor$Worker.run(ThreadPoolExecutor.java:642)
	at java.base/java.lang.Thread.run(Thread.java:1583)
</pre></div></td>
<td>0</td>
<td>UI_Test_Class.TC_Amazon_Verify_Account_List_HyperLinks@23e84203</td></tr>
<tr>
<td title='UI_Test_Class.TC_Amazon_Verify_Account_List_HyperLinks.launchAmazon()'><b>launchAmazon</b><br>Test class: UI_Test_Class.TC_Amazon_Verify_Account_List_HyperLinks<br>Test method: Validate the URL Is Launched</td>
<td><div><pre>java.lang.NullPointerException: Cannot invoke &quot;java.util.Map.get(Object)&quot; because &quot;this.yamlData&quot; is null
	at UI_Test_Class.TC_Amazon_Verify_Account_List_HyperLinks.testSetUp(TC_Amazon_Verify_Account_List_HyperLinks.java:38)
	at java.base/java.util.concurrent.ThreadPoolExecutor.runWorker(ThreadPoolExecutor.java:1144)
	at java.base/java.util.concurrent.ThreadPoolExecutor$Worker.run(ThreadPoolExecutor.java:642)
	at java.base/java.lang.Thread.run(Thread.java:1583)
... Removed 8 stack frames</pre></div><a href='#' onClick='toggleBox("stack-trace1797734066", this, "Click to show all stack frames", "Click to hide stack frames")'>Click to show all stack frames</a>
<div class='stack-trace' id='stack-trace1797734066'><pre>java.lang.NullPointerException: Cannot invoke &quot;java.util.Map.get(Object)&quot; because &quot;this.yamlData&quot; is null
	at UI_Test_Class.TC_Amazon_Verify_Account_List_HyperLinks.testSetUp(TC_Amazon_Verify_Account_List_HyperLinks.java:38)
	at java.base/jdk.internal.reflect.DirectMethodHandleAccessor.invoke(DirectMethodHandleAccessor.java:103)
	at java.base/java.lang.reflect.Method.invoke(Method.java:580)
	at org.testng.internal.invokers.MethodInvocationHelper.invokeMethod(MethodInvocationHelper.java:139)
	at org.testng.internal.invokers.MethodInvocationHelper.invokeMethodConsideringTimeout(MethodInvocationHelper.java:69)
	at org.testng.internal.invokers.ConfigInvoker.invokeConfigurationMethod(ConfigInvoker.java:361)
	at org.testng.internal.invokers.ConfigInvoker.invokeConfigurations(ConfigInvoker.java:296)
	at org.testng.internal.invokers.TestMethodWorker.invokeBeforeClassMethods(TestMethodWorker.java:180)
	at org.testng.internal.invokers.TestMethodWorker.run(TestMethodWorker.java:122)
	at java.base/java.util.concurrent.ThreadPoolExecutor.runWorker(ThreadPoolExecutor.java:1144)
	at java.base/java.util.concurrent.ThreadPoolExecutor$Worker.run(ThreadPoolExecutor.java:642)
	at java.base/java.lang.Thread.run(Thread.java:1583)
</pre></div></td>
<td>0</td>
<td>UI_Test_Class.TC_Amazon_Verify_Account_List_HyperLinks@23e84203</td></tr>
<tr>
<td title='API_Test_Class.TestNG_Annotation_POJO_RestAsssured_Example.validator()'><b>validator</b><br>Test class: API_Test_Class.TestNG_Annotation_POJO_RestAsssured_Example<br>Test method: Validate the response body parameters of Post API Test Case 1</td>
<td><div><pre>java.lang.AssertionError: YAML data should not be null expected object to not be null
	at API_Test_Class.TestNG_Annotation_POJO_RestAsssured_Example.testSetUp(TestNG_Annotation_POJO_RestAsssured_Example.java:42)
	at java.base/java.util.concurrent.ThreadPoolExecutor.runWorker(ThreadPoolExecutor.java:1144)
	at java.base/java.util.concurrent.ThreadPoolExecutor$Worker.run(ThreadPoolExecutor.java:642)
	at java.base/java.lang.Thread.run(Thread.java:1583)
... Removed 10 stack frames</pre></div><a href='#' onClick='toggleBox("stack-trace1076982998", this, "Click to show all stack frames", "Click to hide stack frames")'>Click to show all stack frames</a>
<div class='stack-trace' id='stack-trace1076982998'><pre>java.lang.AssertionError: YAML data should not be null expected object to not be null
	at org.testng.Assert.fail(Assert.java:110)
	at org.testng.Assert.assertNotNull(Assert.java:1483)
	at API_Test_Class.TestNG_Annotation_POJO_RestAsssured_Example.testSetUp(TestNG_Annotation_POJO_RestAsssured_Example.java:42)
	at java.base/jdk.internal.reflect.DirectMethodHandleAccessor.invoke(DirectMethodHandleAccessor.java:103)
	at java.base/java.lang.reflect.Method.invoke(Method.java:580)
	at org.testng.internal.invokers.MethodInvocationHelper.invokeMethod(MethodInvocationHelper.java:139)
	at org.testng.internal.invokers.MethodInvocationHelper.invokeMethodConsideringTimeout(MethodInvocationHelper.java:69)
	at org.testng.internal.invokers.ConfigInvoker.invokeConfigurationMethod(ConfigInvoker.java:361)
	at org.testng.internal.invokers.ConfigInvoker.invokeConfigurations(ConfigInvoker.java:296)
	at org.testng.internal.invokers.TestMethodWorker.invokeBeforeClassMethods(TestMethodWorker.java:180)
	at org.testng.internal.invokers.TestMethodWorker.run(TestMethodWorker.java:122)
	at java.base/java.util.concurrent.ThreadPoolExecutor.runWorker(ThreadPoolExecutor.java:1144)
	at java.base/java.util.concurrent.ThreadPoolExecutor$Worker.run(ThreadPoolExecutor.java:642)
	at java.base/java.lang.Thread.run(Thread.java:1583)
</pre></div></td>
<td>0</td>
<td>API_Test_Class.TestNG_Annotation_POJO_RestAsssured_Example@792b749c</td></tr>
<tr>
<td title='API_Test_Class.TestNG_Annotation_NestedJSON_POJO_GET_API_RestAssured_Example.validate_response_body()'><b>validate_response_body</b><br>Test class: API_Test_Class.TestNG_Annotation_NestedJSON_POJO_GET_API_RestAssured_Example<br>Test method: Validate the Response body parameters of Get API Test Case 1</td>
<td><div><pre>java.lang.Throwable: Method API_Test_Class.TestNG_Annotation_NestedJSON_POJO_GET_API_RestAssured_Example.validate_response_body() on instance API_Test_Class.TestNG_Annotation_NestedJSON_POJO_GET_API_RestAssured_Example@76494737 depends on not successfully finished methods 
[API_Test_Class.TestNG_Annotation_NestedJSON_POJO_GET_API_RestAssured_Example.validate_status_code() on instance API_Test_Class.TestNG_Annotation_NestedJSON_POJO_GET_API_RestAssured_Example@76494737]
	at java.base/java.util.concurrent.ThreadPoolExecutor.runWorker(ThreadPoolExecutor.java:1144)
	at java.base/java.util.concurrent.ThreadPoolExecutor$Worker.run(ThreadPoolExecutor.java:642)
	at java.base/java.lang.Thread.run(Thread.java:1583)
... Removed 3 stack frames</pre></div><a href='#' onClick='toggleBox("stack-trace351269073", this, "Click to show all stack frames", "Click to hide stack frames")'>Click to show all stack frames</a>
<div class='stack-trace' id='stack-trace351269073'><pre>java.lang.Throwable: Method API_Test_Class.TestNG_Annotation_NestedJSON_POJO_GET_API_RestAssured_Example.validate_response_body() on instance API_Test_Class.TestNG_Annotation_NestedJSON_POJO_GET_API_RestAssured_Example@76494737 depends on not successfully finished methods 
[API_Test_Class.TestNG_Annotation_NestedJSON_POJO_GET_API_RestAssured_Example.validate_status_code() on instance API_Test_Class.TestNG_Annotation_NestedJSON_POJO_GET_API_RestAssured_Example@76494737]
	at org.testng.internal.invokers.TestInvoker.invokeTestMethods(TestInvoker.java:150)
	at org.testng.internal.invokers.TestMethodWorker.invokeTestMethods(TestMethodWorker.java:148)
	at org.testng.internal.invokers.TestMethodWorker.run(TestMethodWorker.java:128)
	at java.base/java.util.concurrent.ThreadPoolExecutor.runWorker(ThreadPoolExecutor.java:1144)
	at java.base/java.util.concurrent.ThreadPoolExecutor$Worker.run(ThreadPoolExecutor.java:642)
	at java.base/java.lang.Thread.run(Thread.java:1583)
</pre></div></td>
<td>0</td>
<td>API_Test_Class.TestNG_Annotation_NestedJSON_POJO_GET_API_RestAssured_Example@76494737</td></tr>
</table><p>
</body>
</html>