<?xml version="1.0" encoding="UTF-8"?>
<!-- Generated by org.testng.reporters.JUnitXMLReporter -->
<testsuite ignored="0" hostname="DESKTOP-O8RAVM4" failures="0" tests="5" name="UI_API_ParallelTest" time="0.288" errors="0" timestamp="2024-11-23T00:02:41 IST">
  <testcase classname="UI_Test_Class.TC_Amazon_Verify_Account_List_HyperLinks" name="@BeforeClass testSetUp" time="0.074">
    <failure type="java.lang.NullPointerException" message="Cannot invoke &amp;quot;java.util.Map.get(Object)&amp;quot; because &amp;quot;this.yamlData&amp;quot; is null">
      <![CDATA[java.lang.NullPointerException: Cannot invoke "java.util.Map.get(Object)" because "this.yamlData" is null
at UI_Test_Class.TC_Amazon_Verify_Account_List_HyperLinks.testSetUp(TC_Amazon_Verify_Account_List_HyperLinks.java:38)
at java.base/java.util.concurrent.ThreadPoolExecutor.runWorker(ThreadPoolExecutor.java:1144)
at java.base/java.util.concurrent.ThreadPoolExecutor$Worker.run(ThreadPoolExecutor.java:642)
at java.base/java.lang.Thread.run(Thread.java:1583)
... Removed 8 stack frames]]>
    </failure>
  </testcase> <!-- @BeforeClass testSetUp -->
  <testcase classname="API_Test_Class.TestNG_Annotation_NestedJSON_POJO_GET_API_RestAssured_Example" name="@BeforeClass testSetUp" time="0.082">
    <failure type="java.lang.AssertionError" message="YAML data should not be null expected object to not be null">
      <![CDATA[java.lang.AssertionError: YAML data should not be null expected object to not be null
at API_Test_Class.TestNG_Annotation_NestedJSON_POJO_GET_API_RestAssured_Example.testSetUp(TestNG_Annotation_NestedJSON_POJO_GET_API_RestAssured_Example.java:41)
at java.base/java.util.concurrent.ThreadPoolExecutor.runWorker(ThreadPoolExecutor.java:1144)
at java.base/java.util.concurrent.ThreadPoolExecutor$Worker.run(ThreadPoolExecutor.java:642)
at java.base/java.lang.Thread.run(Thread.java:1583)
... Removed 10 stack frames]]>
    </failure>
  </testcase> <!-- @BeforeClass testSetUp -->
  <testcase classname="API_Test_Class.TestNG_Annotation_POJO_RestAsssured_Example" name="@BeforeClass testSetUp" time="0.232">
    <failure type="java.lang.AssertionError" message="YAML data should not be null expected object to not be null">
      <![CDATA[java.lang.AssertionError: YAML data should not be null expected object to not be null
at API_Test_Class.TestNG_Annotation_POJO_RestAsssured_Example.testSetUp(TestNG_Annotation_POJO_RestAsssured_Example.java:42)
at java.base/java.util.concurrent.ThreadPoolExecutor.runWorker(ThreadPoolExecutor.java:1144)
at java.base/java.util.concurrent.ThreadPoolExecutor$Worker.run(ThreadPoolExecutor.java:642)
at java.base/java.lang.Thread.run(Thread.java:1583)
... Removed 10 stack frames]]>
    </failure>
  </testcase> <!-- @BeforeClass testSetUp -->
  <testcase classname="API_Test_Class.TestNG_Annotation_POJO_RestAsssured_Example" name="@AfterClass evidenceCreator" time="0.0">
    <skipped/>
  </testcase> <!-- @AfterClass evidenceCreator -->
  <testcase classname="UI_Test_Class.TC_Amazon_Verify_Account_List_HyperLinks" name="@AfterClass cleanup" time="0.0">
    <skipped/>
  </testcase> <!-- @AfterClass cleanup -->
  <testcase classname="API_Test_Class.TestNG_Annotation_NestedJSON_POJO_GET_API_RestAssured_Example" name="@AfterClass evidenceCreator" time="0.0">
    <skipped/>
  </testcase> <!-- @AfterClass evidenceCreator -->
  <testcase classname="API_Test_Class.TestNG_Annotation_POJO_RestAsssured_Example" name="validator" time="0.001">
    <skipped/>
  </testcase> <!-- validator -->
  <testcase classname="API_Test_Class.TestNG_Annotation_NestedJSON_POJO_GET_API_RestAssured_Example" name="validate_status_code" time="0.001">
    <skipped/>
  </testcase> <!-- validate_status_code -->
  <testcase classname="UI_Test_Class.TC_Amazon_Verify_Account_List_HyperLinks" name="launchAmazon" time="0.001">
    <skipped/>
  </testcase> <!-- launchAmazon -->
  <testcase classname="API_Test_Class.TestNG_Annotation_NestedJSON_POJO_GET_API_RestAssured_Example" name="validate_response_body" time="0.001">
    <skipped/>
  </testcase> <!-- validate_response_body -->
  <testcase classname="UI_Test_Class.TC_Amazon_Verify_Account_List_HyperLinks" name="validateListHyperlinks" time="0.001">
    <skipped/>
  </testcase> <!-- validateListHyperlinks -->
</testsuite> <!-- UI_API_ParallelTest -->
