<?xml version="1.0" encoding="UTF-8"?>
<!-- Generated by org.testng.reporters.JUnitReportReporter -->
<testsuite hostname="DESKTOP-O8RAVM4" failures="0" tests="3" name="UI_Test_Class.TC_Amazon_Verify_Account_List_HyperLinks" time="0.076" errors="1" timestamp="2024-11-23T00:02:42 IST" skipped="2">
  <testcase classname="UI_Test_Class.TC_Amazon_Verify_Account_List_HyperLinks" name="testSetUp" time="0.074">
    <error message="Cannot invoke &quot;java.util.Map.get(Object)&quot; because &quot;this.yamlData&quot; is null" type="java.lang.NullPointerException">
      <![CDATA[java.lang.NullPointerException: Cannot invoke "java.util.Map.get(Object)" because "this.yamlData" is null
at UI_Test_Class.TC_Amazon_Verify_Account_List_HyperLinks.testSetUp(TC_Amazon_Verify_Account_List_HyperLinks.java:38)
at java.base/jdk.internal.reflect.DirectMethodHandleAccessor.invoke(DirectMethodHandleAccessor.java:103)
at java.base/java.lang.reflect.Method.invoke(Method.java:580)
at org.testng.internal.invokers.MethodInvocationHelper.invokeMethod(MethodInvocationHelper.java:139)
at org.testng.internal.invokers.MethodInvocationHelper.invokeMethodConsideringTimeout(MethodInvocationHelper.java:69)
at org.testng.internal.invokers.ConfigInvoker.invokeConfigurationMethod(ConfigInvoker.java:361)
at org.testng.internal.invokers.ConfigInvoker.invokeConfigurations(ConfigInvoker.java:296)
at org.testng.internal.invokers.TestMethodWorker.invokeBeforeClassMethods(TestMethodWorker.java:180)
at org.testng.internal.invokers.TestMethodWorker.run(TestMethodWorker.java:122)
at java.base/java.util.concurrent.ThreadPoolExecutor.runWorker(ThreadPoolExecutor.java:1144)
at java.base/java.util.concurrent.ThreadPoolExecutor$Worker.run(ThreadPoolExecutor.java:642)
at java.base/java.lang.Thread.run(Thread.java:1583)
]]>
    </error>
  </testcase> <!-- testSetUp -->
  <system-out/>
  <testcase classname="UI_Test_Class.TC_Amazon_Verify_Account_List_HyperLinks" name="validateListHyperlinks" time="0.001">
    <skipped/>
  </testcase> <!-- validateListHyperlinks -->
  <system-out/>
  <testcase classname="UI_Test_Class.TC_Amazon_Verify_Account_List_HyperLinks" name="launchAmazon" time="0.001">
    <skipped/>
  </testcase> <!-- launchAmazon -->
  <system-out/>
</testsuite> <!-- UI_Test_Class.TC_Amazon_Verify_Account_List_HyperLinks -->
