{"uuid":"aac9768a-4719-41eb-a7e1-e88fa18227f5","historyId":"67765adb06c809768bd54c4eefecc911","fullName":"UI_Test_Class.TC_Amazon_Verify_Account_List_HyperLinks.testSetUp","labels":[{"name":"package","value":"UI_Test_Class.TC_Amazon_Verify_Account_List_HyperLinks"},{"name":"testClass","value":"UI_Test_Class.TC_Amazon_Verify_Account_List_HyperLinks"},{"name":"testMethod","value":"testSetUp"},{"name":"parentSuite","value":"Default suite"},{"name":"suite","value":"Default test"},{"name":"subSuite","value":"UI_Test_Class.TC_Amazon_Verify_Account_List_HyperLinks"},{"name":"host","value":"DESKTOP-O8RAVM4"},{"name":"thread","value":"19836@DESKTOP-O8RAVM4.main(1)"},{"name":"framework","value":"testng"},{"name":"language","value":"java"},{"name":"AS_ID","value":"-1"}],"links":[],"name":"testSetUp","status":"broken","statusDetails":{"known":false,"muted":false,"flaky":false,"message":"Error reading YAML file: C:\\Users\\Lenovo\\eclipse-workspace3\\Hackathon\\src\\resources\\Variable.yaml","trace":"java.lang.RuntimeException: Error reading YAML file: C:\\Users\\Lenovo\\eclipse-workspace3\\Hackathon\\src\\resources\\Variable.yaml\r\n\tat Common_Utilities.Utility_Methods.readYamlFile(Utility_Methods.java:150)\r\n\tat UI_Test_Class.TC_Amazon_Verify_Account_List_HyperLinks.testSetUp(TC_Amazon_Verify_Account_List_HyperLinks.java:37)\r\n\tat java.base/jdk.internal.reflect.DirectMethodHandleAccessor.invoke(DirectMethodHandleAccessor.java:103)\r\n\tat java.base/java.lang.reflect.Method.invoke(Method.java:580)\r\n\tat org.testng.internal.invokers.MethodInvocationHelper.invokeMethod(MethodInvocationHelper.java:139)\r\n\tat org.testng.internal.invokers.MethodInvocationHelper.invokeMethodConsideringTimeout(MethodInvocationHelper.java:69)\r\n\tat org.testng.internal.invokers.ConfigInvoker.invokeConfigurationMethod(ConfigInvoker.java:361)\r\n\tat org.testng.internal.invokers.ConfigInvoker.invokeConfigurations(ConfigInvoker.java:296)\r\n\tat org.testng.internal.invokers.TestMethodWorker.invokeBeforeClassMethods(TestMethodWorker.java:180)\r\n\tat org.testng.internal.invokers.TestMethodWorker.run(TestMethodWorker.java:122)\r\n\tat java.base/java.util.ArrayList.forEach(ArrayList.java:1596)\r\n\tat org.testng.TestRunner.privateRun(TestRunner.java:829)\r\n\tat org.testng.TestRunner.run(TestRunner.java:602)\r\n\tat org.testng.SuiteRunner.runTest(SuiteRunner.java:437)\r\n\tat org.testng.SuiteRunner.runSequentially(SuiteRunner.java:431)\r\n\tat org.testng.SuiteRunner.privateRun(SuiteRunner.java:391)\r\n\tat org.testng.SuiteRunner.run(SuiteRunner.java:330)\r\n\tat org.testng.SuiteRunnerWorker.runSuite(SuiteRunnerWorker.java:52)\r\n\tat org.testng.SuiteRunnerWorker.run(SuiteRunnerWorker.java:95)\r\n\tat org.testng.TestNG.runSuitesSequentially(TestNG.java:1256)\r\n\tat org.testng.TestNG.runSuitesLocally(TestNG.java:1176)\r\n\tat org.testng.TestNG.runSuites(TestNG.java:1099)\r\n\tat org.testng.TestNG.run(TestNG.java:1067)\r\n\tat org.testng.remote.AbstractRemoteTestNG.run(AbstractRemoteTestNG.java:115)\r\n\tat org.testng.remote.RemoteTestNG.initAndRun(RemoteTestNG.java:293)\r\n\tat org.testng.remote.RemoteTestNG.main(RemoteTestNG.java:91)\r\nCaused by: java.io.FileNotFoundException: C:\\Users\\Lenovo\\eclipse-workspace3\\Hackathon\\src\\resources\\Variable.yaml (The system cannot find the path specified)\r\n\tat java.base/java.io.FileInputStream.open0(Native Method)\r\n\tat java.base/java.io.FileInputStream.open(FileInputStream.java:213)\r\n\tat java.base/java.io.FileInputStream.<init>(FileInputStream.java:152)\r\n\tat java.base/java.io.FileInputStream.<init>(FileInputStream.java:106)\r\n\tat Common_Utilities.Utility_Methods.readYamlFile(Utility_Methods.java:147)\r\n\t... 25 more\r\n"},"stage":"finished","steps":[],"attachments":[],"parameters":[],"start":1732300558003,"stop":1732300558005}